<?xml version="1.0" encoding="UTF-8"?>
<!-- Generated by org.testng.reporters.JUnitReportReporter -->
<testsuite hostname="POOLW42SLPC4634" failures="0" tests="1" name="TestCase.Facebook_Testcase" time="0.047" errors="0" timestamp="14 Nov 2022 11:38:10 GMT" skipped="0">
  <testcase classname="TestCase.Facebook_Testcase" name="test_registration_validData" time="0.047"/>
</testsuite> <!-- TestCase.Facebook_Testcase -->
